
CheckRunningStatus:

GenerateRunningFlag:
     [echo] Generating isrunning file...

Archive:
   [delete] Deleting E:\Automate\DistributionChannel\Factiva\TMP\20190318_013008-upload.csv
   [delete] Deleting E:\Automate\DistributionChannel\Factiva\TMP\Factiva_metadata_fti.csv
   [delete] Deleting E:\Automate\DistributionChannel\Factiva\TMP\_lock_
   [delete] Deleting E:\Automate\DistributionChannel\Factiva\TMP\delete.csv
   [delete] Deleting E:\Automate\DistributionChannel\Factiva\TMP\files.diff
   [delete] Deleting E:\Automate\DistributionChannel\Factiva\TMP\fulltextitemtype.xml
   [delete] Deleting E:\Automate\DistributionChannel\Factiva\OUT\fti-to-delete.lst
   [delete] Deleting E:\Automate\DistributionChannel\Factiva\OUT\fti-to-upload.lst
   [delete] Deleting E:\Automate\DistributionChannel\Factiva\IN\20190318_013008-factiva-export.xml
[ArchiveLogs] ArchiveFiles starting...
[ArchiveLogs] Looking for files to archive...
[ArchiveLogs] Looking for files to delete...
[ArchiveLogs] 	Deleting "20180326_013001_Factiva.log.7z"...
[ArchiveLogs] 	Deleting "20180326_013003_Factiva.log.7z"...
[ArchiveLogs] Looking for files to compress...
[ArchiveLogs] 	Compressing "20190311_013004_Factiva.log"...
[ArchiveLogs] 		7-Zip [64] 9.20  Copyright (c) 1999-2010 Igor Pavlov  2010-11-18
[ArchiveLogs] 		Scanning
[ArchiveLogs] 		Creating archive E:\Automate\DistributionChannel\Factiva\_logs\20190311_013004_Factiva.log.7z
[ArchiveLogs] 		Compressing  20190311_013004_Factiva.log
[ArchiveLogs] 		Everything is Ok
[ArchiveLogs] 	Deleting "20190311_013004_Factiva.log"...
[ArchiveLogs] ArchiveFiles exiting...
[stopwatch] [sw.archive.target: 0.250 sec]

RemoveRunningFlag:
     [echo] Removing isrunning file...
   [delete] Deleting: E:\Automate\DistributionChannel\Factiva\is_running_flag.tmp

ArchiveAll:

BUILD SUCCESSFUL
